# JRE version: OpenJDK Runtime Environment Corretto-16.0.2.7.1 (16.0.2+7) (build 16.0.2+7)
# Java VM: OpenJDK 64-Bit Server VM Corretto-16.0.2.7.1 (16.0.2+7, mixed mode, sharing, tiered, compressed oops, compressed class ptrs, g1 gc, windows-amd64)
GC Precious Log:
 CPUs: 4 total, 4 available
 Memory: 8071M
 Large Page Support: Disabled
 NUMA Support: Disabled
 Compressed Oops: Enabled (32-bit)
 Heap Region Size: 1M
 Heap Min Capacity: 8M
 Heap Initial Capacity: 128M
 Heap Max Capacity: 2018M
 Pre-touch: Disabled
 Parallel Workers: 4
 Concurrent Workers: 1
 Concurrent Refinement Workers: 4
 Periodic GC: Disabled
Heap:
 garbage-first heap   total 34816K, used 27764K [0x0000000081e00000, 0x0000000100000000)
  region size 1024K, 23 young (23552K), 3 survivors (3072K)
 Metaspace       used 26152K, committed 26496K, reserved 1073152K
  class space    used 2881K, committed 3072K, reserved 1048576K
GC Heap History (8 events):
Event: 1.166 GC heap before
{Heap before GC invocations=0 (full 0):
 garbage-first heap   total 131072K, used 13312K [0x0000000081e00000, 0x0000000100000000)
  region size 1024K, 13 young (13312K), 0 survivors (0K)
 Metaspace       used 4754K, committed 4864K, reserved 1056768K
  class space    used 454K, committed 512K, reserved 1048576K
}
Event: 1.175 GC heap after
{Heap after GC invocations=1 (full 0):
 garbage-first heap   total 131072K, used 4373K [0x0000000081e00000, 0x0000000100000000)
  region size 1024K, 2 young (2048K), 2 survivors (2048K)
 Metaspace       used 4754K, committed 4864K, reserved 1056768K
  class space    used 454K, committed 512K, reserved 1048576K
}
Event: 2.294 GC heap before
{Heap before GC invocations=1 (full 0):
 garbage-first heap   total 131072K, used 13589K [0x0000000081e00000, 0x0000000100000000)
  region size 1024K, 12 young (12288K), 2 survivors (2048K)
 Metaspace       used 10141K, committed 10304K, reserved 1064960K
  class space    used 1035K, committed 1152K, reserved 1048576K
}
Event: 2.301 GC heap after
{Heap after GC invocations=2 (full 0):
 garbage-first heap   total 131072K, used 6264K [0x0000000081e00000, 0x0000000100000000)
  region size 1024K, 2 young (2048K), 2 survivors (2048K)
 Metaspace       used 10141K, committed 10304K, reserved 1064960K
  class space    used 1035K, committed 1152K, reserved 1048576K
}
Event: 2.951 GC heap before
{Heap before GC invocations=2 (full 0):
 garbage-first heap   total 131072K, used 29816K [0x0000000081e00000, 0x0000000100000000)
  region size 1024K, 24 young (24576K), 2 survivors (2048K)
 Metaspace       used 16653K, committed 16832K, reserved 1064960K
  class space    used 1694K, committed 1792K, reserved 1048576K
}
Event: 2.956 GC heap after
{Heap after GC invocations=3 (full 0):
 garbage-first heap   total 131072K, used 6963K [0x0000000081e00000, 0x0000000100000000)
  region size 1024K, 1 young (1024K), 1 survivors (1024K)
 Metaspace       used 16653K, committed 16832K, reserved 1064960K
  class space    used 1694K, committed 1792K, reserved 1048576K
}
Event: 3.773 GC heap before
{Heap before GC invocations=3 (full 0):
 garbage-first heap   total 131072K, used 28467K [0x0000000081e00000, 0x0000000100000000)
  region size 1024K, 23 young (23552K), 1 survivors (1024K)
 Metaspace       used 21047K, committed 21248K, reserved 1073152K
  class space    used 2256K, committed 2304K, reserved 1048576K
}
Event: 3.777 GC heap after
{Heap after GC invocations=4 (full 0):
 garbage-first heap   total 131072K, used 8308K [0x0000000081e00000, 0x0000000100000000)
  region size 1024K, 3 young (3072K), 3 survivors (3072K)
 Metaspace       used 21047K, committed 21248K, reserved 1073152K
  class space    used 2256K, committed 2304K, reserved 1048576K
}

